c:\directx\slothengine\directxtk\bin\desktop_2015\x64\debug\directxtk.pch
c:\directx\slothengine\directxtk\bin\desktop_2015\x64\debug\directxtk.pdb
c:\directx\slothengine\directxtk\bin\desktop_2015\x64\debug\directxtk.idb
c:\directx\slothengine\directxtk\bin\desktop_2015\x64\debug\pch.obj
c:\directx\slothengine\directxtk\bin\desktop_2015\x64\debug\binaryreader.obj
c:\directx\slothengine\directxtk\bin\desktop_2015\x64\debug\effectcommon.obj
c:\directx\slothengine\directxtk\bin\desktop_2015\x64\debug\effectfactory.obj
c:\directx\slothengine\directxtk\bin\desktop_2015\x64\debug\environmentmapeffect.obj
c:\directx\slothengine\directxtk\bin\desktop_2015\x64\debug\gamepad.obj
c:\directx\slothengine\directxtk\bin\desktop_2015\x64\debug\geometricprimitive.obj
c:\directx\slothengine\directxtk\bin\desktop_2015\x64\debug\keyboard.obj
c:\directx\slothengine\directxtk\bin\desktop_2015\x64\debug\model.obj
c:\directx\slothengine\directxtk\bin\desktop_2015\x64\debug\modelloadcmo.obj
c:\directx\slothengine\directxtk\bin\desktop_2015\x64\debug\modelloadsdkmesh.obj
c:\directx\slothengine\directxtk\bin\desktop_2015\x64\debug\modelloadvbo.obj
c:\directx\slothengine\directxtk\bin\desktop_2015\x64\debug\mouse.obj
c:\directx\slothengine\directxtk\bin\desktop_2015\x64\debug\screengrab.obj
c:\directx\slothengine\directxtk\bin\desktop_2015\x64\debug\simplemath.obj
c:\directx\slothengine\directxtk\bin\desktop_2015\x64\debug\skinnedeffect.obj
c:\directx\slothengine\directxtk\bin\desktop_2015\x64\debug\spritebatch.obj
c:\directx\slothengine\directxtk\bin\desktop_2015\x64\debug\primitivebatch.obj
c:\directx\slothengine\directxtk\bin\desktop_2015\x64\debug\spritefont.obj
c:\directx\slothengine\directxtk\bin\desktop_2015\x64\debug\vertextypes.obj
c:\directx\slothengine\directxtk\bin\desktop_2015\x64\debug\wictextureloader.obj
c:\directx\slothengine\directxtk\bin\desktop_2015\x64\debug\alphatesteffect.obj
c:\directx\slothengine\directxtk\bin\desktop_2015\x64\debug\basiceffect.obj
c:\directx\slothengine\directxtk\bin\desktop_2015\x64\debug\commonstates.obj
c:\directx\slothengine\directxtk\bin\desktop_2015\x64\debug\ddstextureloader.obj
c:\directx\slothengine\directxtk\bin\desktop_2015\x64\debug\dgsleffect.obj
c:\directx\slothengine\directxtk\bin\desktop_2015\x64\debug\dgsleffectfactory.obj
c:\directx\slothengine\directxtk\bin\desktop_2015\x64\debug\dualtextureeffect.obj
c:\directx\slothengine\directxtk\bin\desktop_2015\x64\debug\directxtk.lib
g:\animationengine\slothengine\directxtk\bin\desktop_2015\x64\debug\alphatesteffect.obj
g:\animationengine\slothengine\directxtk\bin\desktop_2015\x64\debug\basiceffect.obj
g:\animationengine\slothengine\directxtk\bin\desktop_2015\x64\debug\binaryreader.obj
g:\animationengine\slothengine\directxtk\bin\desktop_2015\x64\debug\commonstates.obj
g:\animationengine\slothengine\directxtk\bin\desktop_2015\x64\debug\ddstextureloader.obj
g:\animationengine\slothengine\directxtk\bin\desktop_2015\x64\debug\dgsleffect.obj
g:\animationengine\slothengine\directxtk\bin\desktop_2015\x64\debug\dgsleffectfactory.obj
g:\animationengine\slothengine\directxtk\bin\desktop_2015\x64\debug\dualtextureeffect.obj
g:\animationengine\slothengine\directxtk\bin\desktop_2015\x64\debug\effectcommon.obj
g:\animationengine\slothengine\directxtk\bin\desktop_2015\x64\debug\effectfactory.obj
g:\animationengine\slothengine\directxtk\bin\desktop_2015\x64\debug\environmentmapeffect.obj
g:\animationengine\slothengine\directxtk\bin\desktop_2015\x64\debug\gamepad.obj
g:\animationengine\slothengine\directxtk\bin\desktop_2015\x64\debug\geometricprimitive.obj
g:\animationengine\slothengine\directxtk\bin\desktop_2015\x64\debug\keyboard.obj
g:\animationengine\slothengine\directxtk\bin\desktop_2015\x64\debug\model.obj
g:\animationengine\slothengine\directxtk\bin\desktop_2015\x64\debug\modelloadcmo.obj
g:\animationengine\slothengine\directxtk\bin\desktop_2015\x64\debug\modelloadsdkmesh.obj
g:\animationengine\slothengine\directxtk\bin\desktop_2015\x64\debug\modelloadvbo.obj
g:\animationengine\slothengine\directxtk\bin\desktop_2015\x64\debug\mouse.obj
g:\animationengine\slothengine\directxtk\bin\desktop_2015\x64\debug\pch.obj
g:\animationengine\slothengine\directxtk\bin\desktop_2015\x64\debug\primitivebatch.obj
g:\animationengine\slothengine\directxtk\bin\desktop_2015\x64\debug\screengrab.obj
g:\animationengine\slothengine\directxtk\bin\desktop_2015\x64\debug\simplemath.obj
g:\animationengine\slothengine\directxtk\bin\desktop_2015\x64\debug\skinnedeffect.obj
g:\animationengine\slothengine\directxtk\bin\desktop_2015\x64\debug\spritebatch.obj
g:\animationengine\slothengine\directxtk\bin\desktop_2015\x64\debug\spritefont.obj
g:\animationengine\slothengine\directxtk\bin\desktop_2015\x64\debug\vertextypes.obj
g:\animationengine\slothengine\directxtk\bin\desktop_2015\x64\debug\wictextureloader.obj
g:\animationengine\slothengine\directxtk\bin\desktop_2015\x64\debug\directxtk.pch
g:\animationengine\slothengine\directxtk\bin\desktop_2015\x64\debug\directxtk.idb
g:\animationengine\slothengine\directxtk\bin\desktop_2015\x64\debug\directxtk.pdb
g:\animationengine\slothengine\directxtk\bin\desktop_2015\x64\debug\directxtk.lib
g:\animationengine\slothengine\directxtk\bin\desktop_2015\x64\debug\directxt.e0b52ae7.tlog\cl.command.1.tlog
g:\animationengine\slothengine\directxtk\bin\desktop_2015\x64\debug\directxt.e0b52ae7.tlog\cl.read.1.tlog
g:\animationengine\slothengine\directxtk\bin\desktop_2015\x64\debug\directxt.e0b52ae7.tlog\cl.write.1.tlog
g:\animationengine\slothengine\directxtk\bin\desktop_2015\x64\debug\directxt.e0b52ae7.tlog\lib-link.read.1.tlog
g:\animationengine\slothengine\directxtk\bin\desktop_2015\x64\debug\directxt.e0b52ae7.tlog\lib-link.write.1.tlog
g:\animationengine\slothengine\directxtk\bin\desktop_2015\x64\debug\directxt.e0b52ae7.tlog\lib.command.1.tlog
