h:\slothengine\directxtk\bin\desktop_2015\x64\release\directxtk.pch
h:\slothengine\directxtk\bin\desktop_2015\x64\release\directxtk.pdb
h:\slothengine\directxtk\bin\desktop_2015\x64\release\pch.obj
h:\slothengine\directxtk\bin\desktop_2015\x64\release\screengrab.obj
h:\slothengine\directxtk\bin\desktop_2015\x64\release\mouse.obj
h:\slothengine\directxtk\bin\desktop_2015\x64\release\modelloadvbo.obj
h:\slothengine\directxtk\bin\desktop_2015\x64\release\modelloadsdkmesh.obj
h:\slothengine\directxtk\bin\desktop_2015\x64\release\modelloadcmo.obj
h:\slothengine\directxtk\bin\desktop_2015\x64\release\model.obj
h:\slothengine\directxtk\bin\desktop_2015\x64\release\keyboard.obj
h:\slothengine\directxtk\bin\desktop_2015\x64\release\geometricprimitive.obj
h:\slothengine\directxtk\bin\desktop_2015\x64\release\gamepad.obj
h:\slothengine\directxtk\bin\desktop_2015\x64\release\environmentmapeffect.obj
h:\slothengine\directxtk\bin\desktop_2015\x64\release\effectfactory.obj
h:\slothengine\directxtk\bin\desktop_2015\x64\release\effectcommon.obj
h:\slothengine\directxtk\bin\desktop_2015\x64\release\binaryreader.obj
h:\slothengine\directxtk\bin\desktop_2015\x64\release\dualtextureeffect.obj
h:\slothengine\directxtk\bin\desktop_2015\x64\release\dgsleffectfactory.obj
h:\slothengine\directxtk\bin\desktop_2015\x64\release\dgsleffect.obj
h:\slothengine\directxtk\bin\desktop_2015\x64\release\ddstextureloader.obj
h:\slothengine\directxtk\bin\desktop_2015\x64\release\commonstates.obj
h:\slothengine\directxtk\bin\desktop_2015\x64\release\basiceffect.obj
h:\slothengine\directxtk\bin\desktop_2015\x64\release\alphatesteffect.obj
h:\slothengine\directxtk\bin\desktop_2015\x64\release\wictextureloader.obj
h:\slothengine\directxtk\bin\desktop_2015\x64\release\vertextypes.obj
h:\slothengine\directxtk\bin\desktop_2015\x64\release\spritefont.obj
h:\slothengine\directxtk\bin\desktop_2015\x64\release\primitivebatch.obj
h:\slothengine\directxtk\bin\desktop_2015\x64\release\spritebatch.obj
h:\slothengine\directxtk\bin\desktop_2015\x64\release\skinnedeffect.obj
h:\slothengine\directxtk\bin\desktop_2015\x64\release\simplemath.obj
h:\slothengine\directxtk\bin\desktop_2015\x64\release\directxtk.lib
h:\slothengine\directxtk\bin\desktop_2015\x64\release\directxt.e0b52ae7.tlog\cl.command.1.tlog
h:\slothengine\directxtk\bin\desktop_2015\x64\release\directxt.e0b52ae7.tlog\cl.read.1.tlog
h:\slothengine\directxtk\bin\desktop_2015\x64\release\directxt.e0b52ae7.tlog\cl.write.1.tlog
h:\slothengine\directxtk\bin\desktop_2015\x64\release\directxt.e0b52ae7.tlog\lib-link.read.1.tlog
h:\slothengine\directxtk\bin\desktop_2015\x64\release\directxt.e0b52ae7.tlog\lib-link.write.1.tlog
h:\slothengine\directxtk\bin\desktop_2015\x64\release\directxt.e0b52ae7.tlog\lib.command.1.tlog
