  pch.cpp
  WICTextureLoader.cpp
  VertexTypes.cpp
  SpriteFont.cpp
  PrimitiveBatch.cpp
  SpriteBatch.cpp
  SkinnedEffect.cpp
  SimpleMath.cpp
  ScreenGrab.cpp
  Mouse.cpp
  ModelLoadVBO.cpp
  ModelLoadSDKMESH.cpp
  ModelLoadCMO.cpp
  Model.cpp
  Keyboard.cpp
  GeometricPrimitive.cpp
  GamePad.cpp
  EnvironmentMapEffect.cpp
  EffectFactory.cpp
  EffectCommon.cpp
  BinaryReader.cpp
  Generating Code...
  Compiling...
  DualTextureEffect.cpp
  DGSLEffectFactory.cpp
  DGSLEffect.cpp
  DDSTextureLoader.cpp
  CommonStates.cpp
  BasicEffect.cpp
  AlphaTestEffect.cpp
  Generating Code...
  DirectXTK_Desktop_2015.vcxproj -> D:\Skolarbete\SlothEngine\DirectXTK\Bin\Desktop_2015\x64\Debug\DirectXTK.lib
