g:\slothengine\directxtk\bin\desktop_2015\x64\debug\directxtk.pch
g:\slothengine\directxtk\bin\desktop_2015\x64\debug\directxtk.pdb
g:\slothengine\directxtk\bin\desktop_2015\x64\debug\directxtk.idb
g:\slothengine\directxtk\bin\desktop_2015\x64\debug\pch.obj
g:\slothengine\directxtk\bin\desktop_2015\x64\debug\binaryreader.obj
g:\slothengine\directxtk\bin\desktop_2015\x64\debug\effectcommon.obj
g:\slothengine\directxtk\bin\desktop_2015\x64\debug\effectfactory.obj
g:\slothengine\directxtk\bin\desktop_2015\x64\debug\environmentmapeffect.obj
g:\slothengine\directxtk\bin\desktop_2015\x64\debug\gamepad.obj
g:\slothengine\directxtk\bin\desktop_2015\x64\debug\geometricprimitive.obj
g:\slothengine\directxtk\bin\desktop_2015\x64\debug\keyboard.obj
g:\slothengine\directxtk\bin\desktop_2015\x64\debug\model.obj
g:\slothengine\directxtk\bin\desktop_2015\x64\debug\modelloadcmo.obj
g:\slothengine\directxtk\bin\desktop_2015\x64\debug\modelloadsdkmesh.obj
g:\slothengine\directxtk\bin\desktop_2015\x64\debug\modelloadvbo.obj
g:\slothengine\directxtk\bin\desktop_2015\x64\debug\mouse.obj
g:\slothengine\directxtk\bin\desktop_2015\x64\debug\screengrab.obj
g:\slothengine\directxtk\bin\desktop_2015\x64\debug\simplemath.obj
g:\slothengine\directxtk\bin\desktop_2015\x64\debug\skinnedeffect.obj
g:\slothengine\directxtk\bin\desktop_2015\x64\debug\spritebatch.obj
g:\slothengine\directxtk\bin\desktop_2015\x64\debug\primitivebatch.obj
g:\slothengine\directxtk\bin\desktop_2015\x64\debug\spritefont.obj
g:\slothengine\directxtk\bin\desktop_2015\x64\debug\vertextypes.obj
g:\slothengine\directxtk\bin\desktop_2015\x64\debug\wictextureloader.obj
g:\slothengine\directxtk\bin\desktop_2015\x64\debug\alphatesteffect.obj
g:\slothengine\directxtk\bin\desktop_2015\x64\debug\basiceffect.obj
g:\slothengine\directxtk\bin\desktop_2015\x64\debug\commonstates.obj
g:\slothengine\directxtk\bin\desktop_2015\x64\debug\ddstextureloader.obj
g:\slothengine\directxtk\bin\desktop_2015\x64\debug\dgsleffect.obj
g:\slothengine\directxtk\bin\desktop_2015\x64\debug\dgsleffectfactory.obj
g:\slothengine\directxtk\bin\desktop_2015\x64\debug\dualtextureeffect.obj
f:\slothengine\directxtk\bin\desktop_2015\x64\debug\directxtk.pch
f:\slothengine\directxtk\bin\desktop_2015\x64\debug\directxtk.pdb
f:\slothengine\directxtk\bin\desktop_2015\x64\debug\directxtk.idb
f:\slothengine\directxtk\bin\desktop_2015\x64\debug\pch.obj
f:\slothengine\directxtk\bin\desktop_2015\x64\debug\dualtextureeffect.obj
f:\slothengine\directxtk\bin\desktop_2015\x64\debug\effectcommon.obj
f:\slothengine\directxtk\bin\desktop_2015\x64\debug\effectfactory.obj
f:\slothengine\directxtk\bin\desktop_2015\x64\debug\environmentmapeffect.obj
f:\slothengine\directxtk\bin\desktop_2015\x64\debug\gamepad.obj
f:\slothengine\directxtk\bin\desktop_2015\x64\debug\geometricprimitive.obj
f:\slothengine\directxtk\bin\desktop_2015\x64\debug\keyboard.obj
f:\slothengine\directxtk\bin\desktop_2015\x64\debug\model.obj
f:\slothengine\directxtk\bin\desktop_2015\x64\debug\modelloadcmo.obj
f:\slothengine\directxtk\bin\desktop_2015\x64\debug\modelloadsdkmesh.obj
f:\slothengine\directxtk\bin\desktop_2015\x64\debug\modelloadvbo.obj
f:\slothengine\directxtk\bin\desktop_2015\x64\debug\mouse.obj
f:\slothengine\directxtk\bin\desktop_2015\x64\debug\primitivebatch.obj
f:\slothengine\directxtk\bin\desktop_2015\x64\debug\screengrab.obj
f:\slothengine\directxtk\bin\desktop_2015\x64\debug\simplemath.obj
f:\slothengine\directxtk\bin\desktop_2015\x64\debug\skinnedeffect.obj
f:\slothengine\directxtk\bin\desktop_2015\x64\debug\spritebatch.obj
f:\slothengine\directxtk\bin\desktop_2015\x64\debug\spritefont.obj
f:\slothengine\directxtk\bin\desktop_2015\x64\debug\vertextypes.obj
f:\slothengine\directxtk\bin\desktop_2015\x64\debug\wictextureloader.obj
f:\slothengine\directxtk\bin\desktop_2015\x64\debug\alphatesteffect.obj
f:\slothengine\directxtk\bin\desktop_2015\x64\debug\basiceffect.obj
f:\slothengine\directxtk\bin\desktop_2015\x64\debug\binaryreader.obj
f:\slothengine\directxtk\bin\desktop_2015\x64\debug\commonstates.obj
f:\slothengine\directxtk\bin\desktop_2015\x64\debug\ddstextureloader.obj
f:\slothengine\directxtk\bin\desktop_2015\x64\debug\dgsleffect.obj
f:\slothengine\directxtk\bin\desktop_2015\x64\debug\dgsleffectfactory.obj
g:\slothengine\directxtk\bin\desktop_2015\x64\debug\directxtk.lib
f:\slothengine\directxtk\bin\desktop_2015\x64\debug\directxtk.lib
f:\slothengine\directxtk\bin\desktop_2015\x64\debug\directxt.e0b52ae7.tlog\cl.command.1.tlog
f:\slothengine\directxtk\bin\desktop_2015\x64\debug\directxt.e0b52ae7.tlog\cl.read.1.tlog
f:\slothengine\directxtk\bin\desktop_2015\x64\debug\directxt.e0b52ae7.tlog\cl.write.1.tlog
f:\slothengine\directxtk\bin\desktop_2015\x64\debug\directxt.e0b52ae7.tlog\lib-link.read.1.tlog
f:\slothengine\directxtk\bin\desktop_2015\x64\debug\directxt.e0b52ae7.tlog\lib-link.write.1.tlog
f:\slothengine\directxtk\bin\desktop_2015\x64\debug\directxt.e0b52ae7.tlog\lib.command.1.tlog
