g:\slothengine\slothengine\x64\debug\vc141.pdb
g:\slothengine\slothengine\x64\debug\vc141.idb
g:\slothengine\slothengine\x64\debug\binimporter.obj
g:\slothengine\slothengine\x64\debug\camera.obj
g:\slothengine\slothengine\x64\debug\input.obj
g:\slothengine\slothengine\x64\debug\shadowmapping.obj
g:\slothengine\slothengine\x64\debug\timer.obj
g:\slothengine\slothengine\x64\debug\winmain .obj
g:\slothengine\slothengine\x64\debug\core.obj
g:\slothengine\slothengine\x64\debug\reader.obj
f:\slothengine\slothengine\x64\debug\vc141.pdb
f:\slothengine\slothengine\x64\debug\vc141.idb
f:\slothengine\slothengine\x64\debug\camera.obj
f:\slothengine\slothengine\x64\debug\input.obj
f:\slothengine\slothengine\x64\debug\shadowmapping.obj
f:\slothengine\slothengine\x64\debug\timer.obj
f:\slothengine\slothengine\x64\debug\winmain .obj
f:\slothengine\slothengine\x64\debug\core.obj
f:\slothengine\slothengine\x64\debug\reader.obj
g:\slothengine\x64\debug\lighthelper.cso
f:\slothengine\x64\debug\lighthelper.cso
g:\slothengine\x64\debug\slothengine2.ilk
g:\slothengine\x64\debug\slothengine2.exe
g:\slothengine\x64\debug\slothengine.pdb
f:\slothengine\x64\debug\slothengine2.ilk
f:\slothengine\x64\debug\slothengine2.exe
f:\slothengine\x64\debug\slothengine.pdb
g:\slothengine\x64\debug\ambientocclusionps.cso
g:\slothengine\x64\debug\ambientocclusionvs.cso
g:\slothengine\x64\debug\animps.cso
g:\slothengine\x64\debug\animvs.cso
g:\slothengine\x64\debug\backfacegeometryshader.cso
g:\slothengine\x64\debug\backfacegshader.cso
g:\slothengine\x64\debug\deafultgs.cso
g:\slothengine\x64\debug\deafultps.cso
g:\slothengine\x64\debug\deafulttexvs.cso
g:\slothengine\x64\debug\deafultvs.cso
g:\slothengine\x64\debug\defaulttexps.cso
g:\slothengine\x64\debug\deferedfinalps.cso
g:\slothengine\x64\debug\deferedfinalvs.cso
g:\slothengine\x64\debug\deferedpixel.cso
g:\slothengine\x64\debug\depthps.cso
g:\slothengine\x64\debug\depthvs.cso
g:\slothengine\x64\debug\glowps.cso
g:\slothengine\x64\debug\glowvs.cso
g:\slothengine\x64\debug\heightmappixelshader.cso
g:\slothengine\x64\debug\heightmapvertexshader.cso
g:\slothengine\x64\debug\horizontalblurps.cso
g:\slothengine\x64\debug\horizontalblurvs.cso
g:\slothengine\x64\debug\rgbsplatmapps.cso
g:\slothengine\x64\debug\rgbsplatmapvs.cso
g:\slothengine\x64\debug\shadowps.cso
g:\slothengine\x64\debug\shadowvs.cso
g:\slothengine\x64\debug\verticalblurps.cso
g:\slothengine\x64\debug\verticalblurvs.cso
g:\slothengine\x64\debug\wireframeps.cso
g:\slothengine\x64\debug\wireframepscontainstest.cso
g:\slothengine\x64\debug\wireframevs.cso
f:\slothengine\x64\debug\ambientocclusionps.cso
f:\slothengine\x64\debug\ambientocclusionvs.cso
f:\slothengine\x64\debug\animps.cso
f:\slothengine\x64\debug\animvs.cso
f:\slothengine\x64\debug\backfacegeometryshader.cso
f:\slothengine\x64\debug\backfacegshader.cso
f:\slothengine\x64\debug\deafultgs.cso
f:\slothengine\x64\debug\deafultps.cso
f:\slothengine\x64\debug\deafulttexvs.cso
f:\slothengine\x64\debug\deafultvs.cso
f:\slothengine\x64\debug\defaulttexps.cso
f:\slothengine\x64\debug\deferedfinalps.cso
f:\slothengine\x64\debug\deferedfinalvs.cso
f:\slothengine\x64\debug\deferedpixel.cso
f:\slothengine\x64\debug\depthps.cso
f:\slothengine\x64\debug\depthvs.cso
f:\slothengine\x64\debug\glowps.cso
f:\slothengine\x64\debug\glowvs.cso
f:\slothengine\x64\debug\heightmappixelshader.cso
f:\slothengine\x64\debug\heightmapvertexshader.cso
f:\slothengine\x64\debug\horizontalblurps.cso
f:\slothengine\x64\debug\horizontalblurvs.cso
f:\slothengine\x64\debug\rgbsplatmapps.cso
f:\slothengine\x64\debug\rgbsplatmapvs.cso
f:\slothengine\x64\debug\shadowps.cso
f:\slothengine\x64\debug\shadowvs.cso
f:\slothengine\x64\debug\verticalblurps.cso
f:\slothengine\x64\debug\verticalblurvs.cso
f:\slothengine\x64\debug\wireframeps.cso
f:\slothengine\x64\debug\wireframepscontainstest.cso
f:\slothengine\x64\debug\wireframevs.cso
f:\slothengine\slothengine\x64\debug\binimporter.obj
f:\slothengine\slothengine\x64\debug\core.obj.enc
f:\slothengine\x64\debug\slothengine.ilk
f:\slothengine\slothengine\x64\debug\slothengine.tlog\cl.command.1.tlog
f:\slothengine\slothengine\x64\debug\slothengine.tlog\cl.read.1.tlog
f:\slothengine\slothengine\x64\debug\slothengine.tlog\cl.write.1.tlog
f:\slothengine\slothengine\x64\debug\slothengine.tlog\fxc.command.1.tlog
f:\slothengine\slothengine\x64\debug\slothengine.tlog\fxc.read.1.tlog
f:\slothengine\slothengine\x64\debug\slothengine.tlog\fxc.write.1.tlog
f:\slothengine\slothengine\x64\debug\slothengine.tlog\link.command.1.tlog
f:\slothengine\slothengine\x64\debug\slothengine.tlog\link.read.1.tlog
f:\slothengine\slothengine\x64\debug\slothengine.tlog\link.write.1.tlog
f:\slothengine\slothengine\x64\debug\slothengine.tlog\slothengine.write.1u.tlog
