h:\slothengine\slothengine\x64\release\vc140.pdb
h:\slothengine\slothengine\x64\release\winmain .obj
h:\slothengine\slothengine\x64\release\timer.obj
h:\slothengine\slothengine\x64\release\shadowmapping.obj
h:\slothengine\slothengine\x64\release\input.obj
h:\slothengine\slothengine\x64\release\filemapreader.obj
h:\slothengine\slothengine\x64\release\camera.obj
h:\slothengine\slothengine\x64\release\binimporter.obj
h:\slothengine\slothengine\x64\release\core.obj
h:\slothengine\x64\release\slothengine.exe
h:\slothengine\x64\release\slothengine.ipdb
h:\slothengine\x64\release\slothengine.iobj
h:\slothengine\x64\release\slothengine.pdb
h:\slothengine\x64\release\ambientocclusionps.cso
h:\slothengine\x64\release\ambientocclusionvs.cso
h:\slothengine\x64\release\animps.cso
h:\slothengine\x64\release\animvs.cso
h:\slothengine\x64\release\backfacegeometryshader.cso
h:\slothengine\x64\release\backfacegshader.cso
h:\slothengine\x64\release\deafultgs.cso
h:\slothengine\x64\release\deafultps.cso
h:\slothengine\x64\release\deafulttexvs.cso
h:\slothengine\x64\release\deafultvs.cso
h:\slothengine\x64\release\defaulttexps.cso
h:\slothengine\x64\release\deferedfinalps.cso
h:\slothengine\x64\release\deferedfinalvs.cso
h:\slothengine\x64\release\deferedpixel.cso
h:\slothengine\x64\release\depthps.cso
h:\slothengine\x64\release\depthvs.cso
h:\slothengine\x64\release\glowps.cso
h:\slothengine\x64\release\glowvs.cso
h:\slothengine\x64\release\heightmappixelshader.cso
h:\slothengine\x64\release\heightmapvertexshader.cso
h:\slothengine\x64\release\horizontalblurps.cso
h:\slothengine\x64\release\horizontalblurvs.cso
h:\slothengine\x64\release\rgbsplatmapps.cso
h:\slothengine\x64\release\rgbsplatmapvs.cso
h:\slothengine\x64\release\shadowps.cso
h:\slothengine\x64\release\shadowvs.cso
h:\slothengine\x64\release\verticalblurps.cso
h:\slothengine\x64\release\verticalblurvs.cso
h:\slothengine\x64\release\wireframeps.cso
h:\slothengine\x64\release\wireframepscontainstest.cso
h:\slothengine\x64\release\wireframevs.cso
h:\slothengine\slothengine\x64\release\slothengine.vcxprojresolveassemblyreference.cache
h:\slothengine\slothengine\x64\release\slothengine.tlog\cl.command.1.tlog
h:\slothengine\slothengine\x64\release\slothengine.tlog\cl.read.1.tlog
h:\slothengine\slothengine\x64\release\slothengine.tlog\cl.write.1.tlog
h:\slothengine\slothengine\x64\release\slothengine.tlog\link.command.1.tlog
h:\slothengine\slothengine\x64\release\slothengine.tlog\link.read.1.tlog
h:\slothengine\slothengine\x64\release\slothengine.tlog\link.write.1.tlog
h:\slothengine\slothengine\x64\release\slothengine.tlog\slothengine.write.1u.tlog
